<?xml version="1.0" encoding="UTF-8"?>
<!-- Generated by org.testng.reporters.JUnitXMLReporter -->
<testsuite ignored="0" hostname="Sagaya-HP" failures="0" tests="4" name="TestNG" time="19.943" errors="0" timestamp="2022-05-26T11:51:49 EDT">
  <testcase classname="testLayer.LoginTest" name="Title" time="0.014"/>
  <testcase classname="testLayer.LoginTest" name="Login" time="2.626"/>
  <testcase classname="testLayer.LoginTest" name="Login" time="2.614"/>
  <testcase classname="testLayer.LoginTest" name="Login" time="2.617"/>
</testsuite> <!-- TestNG -->
