<?xml version="1.0" encoding="UTF-8"?>
<!-- Generated by org.testng.reporters.JUnitXMLReporter -->
<testsuite ignored="1" hostname="Sagaya-HP" failures="0" tests="3" name="Default test" time="22.703" errors="0" timestamp="2022-07-27T10:22:25 EDT">
  <testcase classname="testLayer.LoginTest" name="Login" time="2.628"/>
  <testcase classname="testLayer.LoginTest" name="Login" time="2.591"/>
  <testcase classname="testLayer.LoginTest" name="Login" time="2.601"/>
  <testcase classname="testLayer.LoginTest" name="Title" time="0.0">
    <ignored/>
  </testcase> <!-- Title -->
</testsuite> <!-- Default test -->
