<?xml version="1.0" encoding="UTF-8"?>
<testng-results ignored="1" total="4" passed="3" failed="0" skipped="0">
  <reporter-output>
  </reporter-output>
  <suite started-at="2022-07-27T10:22:02 EDT" name="Default suite" finished-at="2022-07-27T10:22:25 EDT" duration-ms="22703">
    <groups>
    </groups>
    <test started-at="2022-07-27T10:22:02 EDT" name="Default test" finished-at="2022-07-27T10:22:25 EDT" duration-ms="22703">
      <class name="testLayer.LoginTest">
        <test-method is-config="true" signature="initsetup()[pri:0, instance:testLayer.LoginTest@694abbdc]" started-at="2022-07-27T10:22:03 EDT" name="initsetup" finished-at="2022-07-27T10:22:08 EDT" duration-ms="4232" status="PASS">
          <reporter-output>
          </reporter-output>
        </test-method> <!-- initsetup -->
        <test-method signature="Login(java.lang.String,java.lang.String)[pri:2, instance:testLayer.LoginTest@694abbdc]" started-at="2022-07-27T10:22:08 EDT" name="Login" data-provider="Details" finished-at="2022-07-27T10:22:10 EDT" duration-ms="2628" status="PASS">
          <params>
            <param index="0">
              <value>
                <![CDATA[Admin]]>
              </value>
            </param>
            <param index="1">
              <value>
                <![CDATA[admin123]]>
              </value>
            </param>
          </params>
          <reporter-output>
          </reporter-output>
        </test-method> <!-- Login -->
        <test-method is-config="true" signature="close()[pri:0, instance:testLayer.LoginTest@694abbdc]" started-at="2022-07-27T10:22:10 EDT" name="close" finished-at="2022-07-27T10:22:11 EDT" duration-ms="782" status="PASS">
          <reporter-output>
          </reporter-output>
        </test-method> <!-- close -->
        <test-method is-config="true" signature="initsetup()[pri:0, instance:testLayer.LoginTest@694abbdc]" started-at="2022-07-27T10:22:11 EDT" name="initsetup" finished-at="2022-07-27T10:22:14 EDT" duration-ms="3471" status="PASS">
          <reporter-output>
          </reporter-output>
        </test-method> <!-- initsetup -->
        <test-method signature="Login(java.lang.String,java.lang.String)[pri:2, instance:testLayer.LoginTest@694abbdc]" started-at="2022-07-27T10:22:14 EDT" name="Login" data-provider="Details" finished-at="2022-07-27T10:22:17 EDT" duration-ms="2591" status="PASS">
          <params>
            <param index="0">
              <value>
                <![CDATA[Admin]]>
              </value>
            </param>
            <param index="1">
              <value>
                <![CDATA[abcd]]>
              </value>
            </param>
          </params>
          <reporter-output>
          </reporter-output>
        </test-method> <!-- Login -->
        <test-method is-config="true" signature="close()[pri:0, instance:testLayer.LoginTest@694abbdc]" started-at="2022-07-27T10:22:17 EDT" name="close" finished-at="2022-07-27T10:22:18 EDT" duration-ms="613" status="PASS">
          <reporter-output>
          </reporter-output>
        </test-method> <!-- close -->
        <test-method is-config="true" signature="initsetup()[pri:0, instance:testLayer.LoginTest@694abbdc]" started-at="2022-07-27T10:22:18 EDT" name="initsetup" finished-at="2022-07-27T10:22:22 EDT" duration-ms="4007" status="PASS">
          <reporter-output>
          </reporter-output>
        </test-method> <!-- initsetup -->
        <test-method signature="Login(java.lang.String,java.lang.String)[pri:2, instance:testLayer.LoginTest@694abbdc]" started-at="2022-07-27T10:22:22 EDT" name="Login" data-provider="Details" finished-at="2022-07-27T10:22:24 EDT" duration-ms="2601" status="PASS">
          <params>
            <param index="0">
              <value>
                <![CDATA[scala]]>
              </value>
            </param>
            <param index="1">
              <value>
                <![CDATA[amazon]]>
              </value>
            </param>
          </params>
          <reporter-output>
          </reporter-output>
        </test-method> <!-- Login -->
        <test-method is-config="true" signature="close()[pri:0, instance:testLayer.LoginTest@694abbdc]" started-at="2022-07-27T10:22:24 EDT" name="close" finished-at="2022-07-27T10:22:25 EDT" duration-ms="725" status="PASS">
          <reporter-output>
          </reporter-output>
        </test-method> <!-- close -->
      </class> <!-- testLayer.LoginTest -->
    </test> <!-- Default test -->
  </suite> <!-- Default suite -->
</testng-results>
